month                                                                                                                                                                                                                                                            total_revenue
---------------------------------------------------------------------------------------------------------------------------------------------------------------------------------------------------------------------------------------------------------------- ---------------------------------------
2023-06                                                                                                                                                                                                                                                          1236441.77
2023-07                                                                                                                                                                                                                                                          3348103.06
2023-08                                                                                                                                                                                                                                                          3001674.75
2023-09                                                                                                                                                                                                                                                          3198047.39
2023-10                                                                                                                                                                                                                                                          3005967.09
2023-11                                                                                                                                                                                                                                                          3451857.44
2023-12                                                                                                                                                                                                                                                          3229383.94
2024-01                                                                                                                                                                                                                                                          3013605.89
2024-02                                                                                                                                                                                                                                                          3058765.67
2024-03                                                                                                                                                                                                                                                          3047210.19
2024-04                                                                                                                                                                                                                                                          2969502.67
2024-05                                                                                                                                                                                                                                                          3371598.95
2024-06                                                                                                                                                                                                                                                          3265239.57
2024-07                                                                                                                                                                                                                                                          3079223.54
2024-08                                                                                                                                                                                                                                                          2893435.98
2024-09                                                                                                                                                                                                                                                          3322516.10
2024-10                                                                                                                                                                                                                                                          3276804.56
2024-11                                                                                                                                                                                                                                                          3314560.66
2024-12                                                                                                                                                                                                                                                          3210172.03
2025-01                                                                                                                                                                                                                                                          3182045.20
2025-02                                                                                                                                                                                                                                                          2785399.93
2025-03                                                                                                                                                                                                                                                          3016579.61
2025-04                                                                                                                                                                                                                                                          3026102.79
2025-05                                                                                                                                                                                                                                                          2952736.60
2025-06                                                                                                                                                                                                                                                          1947312.05

(25 rows affected)

payment_method                                     payment_count
-------------------------------------------------- -------------
Debit Card                                         2486
Net Banking                                        2534
COD                                                2510
UPI                                                2470

(4 rows affected)

region_name                                        avg_order_value
-------------------------------------------------- ---------------------------------------
North                                              7551.817908
East                                               7430.722390
Central                                            7715.144043
South                                              7477.690212
West                                               7429.044214

(5 rows affected)

region_name                                        net_profit
-------------------------------------------------- ---------------------------------------
North                                              15144843.12
East                                               14552699.54
Central                                            14986365.36
South                                              14141069.23
West                                               15084271.98

(5 rows affected)

seller_id   seller_name                                        profit
----------- -------------------------------------------------- ---------------------------------------
416         Krishnan Ltd                                       934214.88
12          Parekh PLC                                         711693.10
260         Krishna-Mitra                                      648898.12
79          Bhalla, Lad and Singhal                            553534.45
354         Srivastava, Bandi and Modi                         532042.02

(5 rows affected)

product_id  product_name                                       margin
----------- -------------------------------------------------- ---------------------------------------
1566        Tempora Product                                    -23319.84
687         Quod Product                                       -1175.55
23          Nostrum Product                                    -17611.56
1374        Tenetur Product                                    -177946.80
46          Quaerat Product                                    -10086.95
879         Quam Product                                       -23421.78
547         Occaecati Product                                  -117633.00
1543        Expedita Product                                   -67692.42
378         Voluptatum Product                                 -48227.90
1042        Dolorem Product                                    -27510.40
1065        At Product                                         -15765.57
1729        Maiores Product                                    -39919.66
856         Nobis Product                                      -7502.04
733         Laborum Product                                    -104035.00
69          Ipsa Product                                       -19135.80
192         Officia Product                                    -123114.86
1188        Incidunt Product                                   -60219.84
1520        Explicabo Product                                  -15615.39
401         Necessitatibus Product                             -30662.06
1420        Non Product                                        -211052.00
501         Soluta Product                                     -22286.40
1712        Eos Product                                        -80336.00
209         Eveniet Product                                    -109302.16
1735        Natus Product                                      -73355.10
1002        Alias Product                                      -99657.00
670         Distinctio Product                                 -45535.75
564         Amet Product                                       -62354.60
232         Rem Product                                        -64535.80
1357        Quos Product                                       -63909.60
1689        Atque Product                                      -2806.74
965         Eligendi Product                                   -7755.60
610         Dolores Product                                    -11984.06
315         Tempore Product                                    -133677.00
1606        Dolores Product                                    -101080.10
1938        Modi Product                                       -97181.52
424         Nihil Product                                      -61090.53
1503        Illo Product                                       -39942.99
418         Enim Product                                       -24011.52
1105        Id Product                                         -189540.00
1506        Occaecati Product                                  -139872.72
793         Nobis Product                                      -59817.24
132         Nostrum Product                                    -4718.01
1457        Recusandae Product                                 -86442.84
438         Totam Product                                      -148374.00
1483        Quidem Product                                     -173045.76
1148        Laborum Product                                    -237802.52
109         Quia Product                                       -48116.88
1812        Voluptas Product                                   -180883.20
458         Aperiam Product                                    -199744.11
630         Pariatur Product                                   -53171.28
1981        Suscipit Product                                   -75635.28
1440        Doloribus Product                                  -128102.51
836         Rem Product                                        -40946.88
1583        Nihil Product                                      -242423.47
1832        Quis Product                                       -13586.37
338         Delectus Product                                   -10891.44
1085        Ipsum Product                                      -27862.93
1191        Aliquid Product                                    -206106.45
1228        Aperiam Product                                    -84774.24
693         Explicabo Product                                  -14143.66
730         Odio Product                                       -169642.20
195         Perspiciatis Product                               -76956.12
1961        Facere Product                                     -33268.08
252         Ipsam Product                                      -45369.34
1669        Nemo Product                                       -45375.98
146         Iusto Product                                      -30901.50
152         Cupiditate Product                                 -78206.22
1775        Nesciunt Product                                   -73390.70
1818        Repellat Product                                   -8988.00
1377        Ipsum Product                                      -24150.80
295         Cupiditate Product                                 -95637.83
1626        Sequi Product                                      -32763.59
1755        Magnam Product                                     -18390.02
736         Veniam Product                                     -26876.20
1068        Amet Product                                       -91245.20
189         Repellat Product                                   -140751.00
335         Eos Product                                        -7838.82
999         Deleniti Product                                   -50079.25
1540        Omnis Product                                      -115284.26
1709        Dignissimos Product                                -1085.40
381         Voluptas Product                                   -31284.76
212         Ratione Product                                    -148136.56
1045        Nostrum Product                                    -120958.60
235         Adipisci Product                                   -31015.96
358         Similique Product                                  -16457.76
1022        Nemo Product                                       -137975.70
1855        Id Product                                         -62767.32
375         Ipsam Product                                      -5906.24
1214        Sunt Product                                       -67089.60
229         Ullam Product                                      -116582.48
1005        Perferendis Product                                -11128.32
916         Reprehenderit Product                              -137262.65
318         Quas Product                                       -22166.64
275         Autem Product                                      -31804.86
1941        Aut Product                                        -67214.56
713         Id Product                                         -18182.55
813         Unde Product                                       -38593.08
1895        Rem Product                                        -298202.24
26          Architecto Product                                 -11288.63
1649        Ad Product                                         -55752.18
272         Doloremque Product                                 -58769.00
1672        Temporibus Product                                 -53808.00
796         Voluptates Product                                 -37639.94
1792        Ab Product                                         -18752.02
461         Voluptatibus Product                               -41845.54
1151        Fugiat Product                                     -15772.00
1815        Ut Product                                         -110346.49
584         Fugiat Product                                     -12165.78
1835        Praesentium Product                                -125406.15
1337        Ut Product                                         -21268.94
627         Perferendis Product                                -185177.19
1294        Error Product                                      -143273.52
6           Unde Product                                       -122081.52
1666        Rerum Product                                      -92990.16
504         Veritatis Product                                  -54483.60
1025        A Product                                          -120290.94
398         Sunt Product                                       -184274.40
1964        Alias Product                                      -9063.04
43          Architecto Product                                 -9116.70
1629        Consectetur Product                                -18244.05
1878        Soluta Product                                     -14724.78
292         Modi Product                                       -35704.62
647         Et Product                                         -24154.00
833         Dolorum Product                                    -58772.00
839         Debitis Product                                    -2016.66
982         Ea Product                                         -9431.10
1480        Aspernatur Product                                 -24531.10
939         Sapiente Product                                   -201657.96
298         Voluptates Product                                 -50559.63
1380        Nobis Product                                      -149628.36
690         Impedit Product                                    -81890.22
1772        Possimus Product                                   -17670.45
149         Perspiciatis Product                               -37815.84
1257        Magni Product                                      -51130.08
593         Suscipit Product                                   -48135.04
570         Quibusdam Product                                  -44339.85
1804        Cupiditate Product                                 -249809.56
92          Officia Product                                    -454.14
1094        Assumenda Product                                  -48040.25
1658        Quidem Product                                     -40150.88
115         Veniam Product                                     -127231.26
779         Non Product                                        -235308.16
1117        Tempora Product                                    -49937.70
138         Non Product                                        -280590.61
384         Distinctio Product                                 -981.16
407         Dicta Product                                      -97501.50
1071        Tempore Product                                    -152234.88
1512        Blanditiis Product                                 -129927.24
29          Nobis Product                                      -169490.42
1904        Quidem Product                                     -24999.84
175         Nemo Product                                       -130478.40
1449        Sunt Product                                       -181024.74
1303        Temporibus Product                                 -102263.26
1798        Consequatur Product                                -98903.28
1157        Fuga Product                                       -57537.90
842         Perspiciatis Product                               -93135.46
699         Dicta Product                                      -125192.42
1197        Deserunt Product                                   -79922.64
1054        Numquam Product                                    -14127.96
722         Neque Product                                      -33042.66
1718        Aliquam Product                                    -37779.12
181         Eos Product                                        -11223.68
679         Pariatur Product                                   -125255.00
9           Consequatur Product                                -38404.10
822         Odio Product                                       -142988.58
1320        Fugit Product                                      -2165.12
1220        Error Product                                      -214620.01
556         Voluptatem Product                                 -182206.50
799         Facere Product                                     -7625.52
1240        Ipsam Product                                      -7864.50
636         Praesentium Product                                -214578.17
550         Sequi Product                                      -48326.76
387         Perferendis Product                                -166272.66
1383        Animi Product                                      -96893.76
301         Laudantium Product                                 -93014.85
1618        Molestiae Product                                  -54848.80
1924        Ratione Product                                    -148727.70
1675        Commodi Product                                    -20311.60
1824        Nostrum Product                                    -23716.20
1134        Hic Product                                        -6894.97
52          Cupiditate Product                                 -76205.00
493         Libero Product                                     -30853.68
1575        Maiores Product                                    -108046.47
427         Non Product                                        -179870.24
95          Accusamus Product                                  -18982.20
759         Fuga Product                                       -65863.70
1091        A Product                                          -31910.56
404         Nam Product                                        -126190.62
1801        Vitae Product                                      -10535.25
1114        Ab Product                                         -133064.66
118         Quaerat Product                                    -66648.27
264         Rerum Product                                      -79140.78
951         Minima Product                                     -47525.72
1615        Amet Product                                       -93388.20
1638        Nam Product                                        -58778.80
1097        Delectus Product                                   -54991.30
1014        Inventore Product                                  -13405.70
410         Ipsum Product                                      -132744.67
78          Totam Product                                      -23203.40
1701        Dicta Product                                      -183134.64
218         Illum Product                                      -246572.92
719         Necessitatibus Product                             -43811.75
573         Distinctio Product                                 -41912.86
327         Accusantium Product                                -103260.34
1655        Saepe Product                                      -37647.48
513         Ipsum Product                                      -11216.60
1841        Laborum Product                                    -24515.10
1947        Fugiat Product                                     -73659.30
1160        Animi Product                                      -174679.68
619         Veritatis Product                                  -19362.96
467         Sequi Product                                      -2723.25
178         Error Product                                      -79668.96
12          Facilis Product                                    -67598.00
510         Temporibus Product                                 -34040.40
1529        Optio Product                                      -225683.52
367         Laudantium Product                                 -107499.48
1031        Veritatis Product                                  -49348.60
35          Fuga Product                                       -82275.20
533         Qui Product                                        -166468.40
1386        Exercitationem Product                             -58641.66
155         Perspiciatis Product                               -8623.02
868         Explicabo Product                                  -154692.79
1409        Tempore Product                                    -120611.24
1509        Nobis Product                                      -50634.08
1343        Quasi Product                                      -9300.06
553         Possimus Product                                   -6339.48
1884        Voluptas Product                                   -41057.04
1217        Pariatur Product                                   -60263.20
135         Voluptatum Product                                 -105726.60
1907        Alias Product                                      -112765.62
653         Praesentium Product                                -50007.50
1927        Dignissimos Product                                -107758.64
1678        Dolor Product                                      -30612.50
1429        At Product                                         -35840.14
1074        Velit Product                                      -20510.75
633         Aliquid Product                                    -104974.40
341         Porro Product                                      -5017.40
447         Qui Product                                        -90655.50
988         Ullam Product                                      -1676.22
490         Tempore Product                                    -145343.10
1721        Optio Product                                      -77096.95
888         Quam Product                                       -47062.80
1280        Magnam Product                                     -186878.44
198         Veniam Product                                     -117027.46
1186        Autem Product                                      -139746.78
144         Ratione Product                                    -17286.72
1140        Vitae Product                                      -62824.95
808         Cupiditate Product                                 -51749.73
499         Sapiente Product                                   -78960.63
1495        Soluta Product                                     -74298.56
1017        Iure Product                                       -149127.72
453         Minus Product                                      -16403.80
1664        Rerum Product                                      -35151.52
516         Veritatis Product                                  -57310.50
871         Quia Product                                       -23021.64
230         Asperiores Product                                 -42689.66
1890        Explicabo Product                                  -145492.16
1395        Libero Product                                     -12624.12
1641        Quisquam Product                                   -3344.51
1558        Eaque Product                                      -51827.64
1063        Exercitationem Product                             -111511.68
1309        Est Product                                        -52520.48
622         Delectus Product                                   -6098.96
917         Quam Product                                       -171790.20
1249        Nemo Product                                       -10570.84
376         Necessitatibus Product                             -109490.40
1604        Ipsam Product                                      -67475.64
1355        Eum Product                                        -16316.10
1996        Perferendis Product                                -124424.04
668         Amet Product                                       -136222.00
605         Recusandae Product                                 -53708.40
1767        Omnis Product                                      -94406.75
250         Non Product                                        -197372.80
748         Omnis Product                                      -40867.75
1246        Dicta Product                                      -105296.68
914         At Product                                         -90311.00
58          Nihil Product                                      -22884.00
891         Similique Product                                  -76792.11
1289        Ut Product                                         -53945.51
728         Sit Product                                        -3985.60
1979        Sint Product                                       -130661.19
64          Qui Product                                        -70224.62
579         Quae Product                                       -273343.05
1369        Reiciendis Product                                 -1218.28
1973        Veritatis Product                                  -48720.42
44          Dignissimos Product                                -49682.64
685         Dignissimos Product                                -96471.60
293         Debitis Product                                    -186768.00
1724        Labore Product                                     -115482.53
542         Voluptates Product                                 -4358.12
1           Quisquam Product                                   -142913.25
1020        Facilis Product                                    -103456.50
1684        Eos Product                                        -93566.88
356         Asperiores Product                                 -61724.26
688         Hic Product                                        -5454.62
1166        Perferendis Product                                -16223.85
502         Quos Product                                       -40366.08
1830        Nihil Product                                      -100461.70
287         Explicabo Product                                  -1527.20
310         Est Product                                        -11446.26
897         Tenetur Product                                    -97352.10
1561        Tenetur Product                                    -144668.52
1538        Saepe Product                                      -55360.68
874         Veniam Product                                     -85542.45
765         Quo Product                                        -40352.64
373         Recusandae Product                                 -133182.72
705         Sint Product                                       -19344.00
1644        Odit Product                                       -14425.95
1312        Saepe Product                                      -17189.89
270         Eius Product                                       -63541.18
1598        Placeat Product                                    -90475.02
519         Rem Product                                        -23041.76
1498        Corrupti Product                                   -15429.18
1893        Adipisci Product                                   -12366.82
1993        Tenetur Product                                    -32417.99
124         Unde Product                                       -21492.00
439         Modi Product                                       -100838.16
1435        Aliquid Product                                    -182525.71
1933        Dicta Product                                      -62990.64
416         Fuga Product                                       -30277.80
84          Sed Product                                        -83788.80
1578        Libero Product                                     -78601.38
227         Molestiae Product                                  -99156.91
559         Optio Product                                      -95557.50
1223        Corporis Product                                   -41771.70
1458        Dolor Product                                      -60272.32
745         Minus Product                                      -18850.79
1100        Consequatur Product                                -74342.70
1266        Possimus Product                                   -129176.84
1764        Omnis Product                                      -48962.76
459         Neque Product                                      -117617.04
725         Quae Product                                       -21321.30
61          Voluptatibus Product                               -41916.03
682         Neque Product                                      -29090.38
539         Ipsam Product                                      -195413.70
1037        Mollitia Product                                   -23518.08
1535        Nulla Product                                      -97212.72
645         Nihil Product                                      -15423.24
290         Animi Product                                      -27564.75
1621        Aspernatur Product                                 -4316.13
496         Sapiente Product                                   -73347.18
396         Cum Product                                        -100814.98
1229        Maxime Product                                     -34125.46
1870        Architecto Product                                 -1932.32
247         Molestias Product                                  -42057.68
190         Quidem Product                                     -199057.23
1092        Officiis Product                                   -100426.14
545         Vel Product                                        -26233.11
1610        Provident Product                                  -108230.64
946         Mollitia Product                                   -37098.07
1733        Accusantium Product                                -18560.32
405         Culpa Product                                      -30820.80
236         Accusantium Product                                -32125.50
1069        Doloribus Product                                  -65117.76
1046        Hic Product                                        -89409.45
1587        Dolorem Product                                    -22598.28
1710        Earum Product                                      -87286.52
923         Voluptatem Product                                 -124286.40
382         Distinctio Product                                 -79156.22
860         Error Product                                      -38997.88
1109        Cupiditate Product                                 -40236.42
754         Vitae Product                                      -63706.80
1902        Enim Product                                       -208882.07
27          Iste Product                                       -31071.92
1942        Ullam Product                                      -137375.00
963         Quisquam Product                                   -104976.60
1401        Ea Product                                         -97402.50
1650        Tempore Product                                    -54284.83
319         Aliquid Product                                    -132701.76
1647        Unde Product                                       -29240.24
1255        Maxime Product                                     -47745.54
1796        Laborum Product                                    -57820.40
960         Laboriosam Product                                 -70525.20
485         Soluta Product                                     -99253.97
1816        Sit Product                                        -134046.36
1152        Recusandae Product                                 -21740.67
1481        Nostrum Product                                    -66452.40
462         Commodi Product                                    -3690.20
1195        Omnis Product                                      -60893.48
1361        Saepe Product                                      -36525.32
1959        Doloremque Product                                 -78863.68
1461        Quos Product                                       -279065.44
1338        Ad Product                                         -182046.69
1836        Perferendis Product                                -85729.32
654         Nostrum Product                                    -81259.62
1487        Voluptatum Product                                 -104477.88
628         At Product                                         -21210.00
87          Exercitationem Product                             -73813.10
505         Cupiditate Product                                 -21093.27
777         Fugit Product                                      -56650.32
1275        Minima Product                                     -42216.60
1026        Provident Product                                  -19849.95
1418        Dicta Product                                      -53283.36
1381        Fuga Product                                       -40464.60
1238        Laudantium Product                                 -54149.12
648         Ullam Product                                      -4548.96
399         Aperiam Product                                    -59037.44
7           Expedita Product                                   -1219.50
940         Eum Product                                        -26899.80
193         Ex Product                                         -47415.88
342         Porro Product                                      -41859.40
840         Dolore Product                                     -110541.44
983         Ipsam Product                                      -42807.28
1132        Rerum Product                                      -304277.40
24          Nobis Product                                      -183099.00
1945        Voluptas Product                                   -140245.00
1258        Eaque Product                                      -23367.69
711         Corporis Product                                   -52271.58
47          Repellat Product                                   -51280.35
1590        Error Product                                      -62204.10
379         Ipsam Product                                      -43686.89
1899        Eius Product                                       -4712.58
1235        Vitae Product                                      -22904.63
239         Neque Product                                      -60178.86
1066        Quibusdam Product                                  -143880.00
1730        Soluta Product                                     -84395.52
903         Eos Product                                        -36933.75
1567        Tempora Product                                    -102509.66
70          Autem Product                                      -5572.19
93          Illum Product                                      -65560.12
425         Dolores Product                                    -154951.16
548         Doloremque Product                                 -40235.43
1421        Error Product                                      -125974.20
1876        Voluptas Product                                   -14423.31
216         Rerum Product                                      -136594.32
1544        Magnam Product                                     -52504.56
780         Consequatur Product                                -63363.84
1189        Sit Product                                        -84607.95
525         Harum Product                                      -140239.75
1467        Odit Product                                       -40430.00
920         Laboriosam Product                                 -8063.58
1049        Enim Product                                       -24161.04
1985        Tempora Product                                    -183314.56
1003        Amet Product                                       -204943.87
966         Et Product                                         -103003.51
863         Quaerat Product                                    -122460.36
1106        Eum Product                                        -213529.20
857         Et Product                                         -45251.40
176         Tempore Product                                    -27821.44
1799        Recusandae Product                                 -48773.17
170         A Product                                          -68788.20
565         Maiores Product                                    -144947.84
817         Itaque Product                                     -3780.48
488         Esse Product                                       -40781.79
1507        Rem Product                                        -40229.99
1839        Illo Product                                       -107518.08
794         Quis Product                                       -16888.90
774         Sunt Product                                       -41660.19
608         Dignissimos Product                                -136244.16
110         Quia Product                                       -15643.52
674         Molestiae Product                                  -83462.86
133         Mollitia Product                                   -57282.40
1315        Possimus Product                                   -200497.20
1341        Officia Product                                    -13925.70
943         Autem Product                                      -22048.93
1192        Nulla Product                                      -21460.14
445         Laudantium Product                                 -9720.80
90          Asperiores Product                                 -33671.88
1570        Numquam Product                                    -26627.58
1321        Quam Product                                       -27662.85
1962        Cupiditate Product                                 -68009.62
253         Repellendus Product                                -5199.75
339         Sint Product                                       -55928.88
1335        Qui Product                                        -45060.88
1029        Placeat Product                                    -133108.68
1776        Odit Product                                       -48223.08
1627        Molestias Product                                  -126850.52
986         Voluptas Product                                   -48836.46
1819        Porro Product                                      -46296.50
737         Libero Product                                     -172242.82
1378        Corrupti Product                                   -43337.41
837         Cumque Product                                     -155196.16
451         Doloremque Product                                 -221636.48
783         Officia Product                                    -72075.00
760         Est Product                                        -74484.63
142         Illo Product                                       -103796.22
474         Exercitationem Product                             -86007.00
1616        Occaecati Product                                  -189402.19
952         Consequatur Product                                -62466.33
969         Dignissimos Product                                -37973.00
975         Quae Product                                       -95823.36
1662        Placeat Product                                    -17561.89
1453        Repellendus Product                                -267306.00
766         Eligendi Product                                   -46849.74
219         Quas Product                                       -127589.22
328         Quia Product                                       -15408.24
906         Recusandae Product                                 -85844.28
574         Totam Product                                      -119706.84
1656        Quae Product                                       -70503.84
660         Exercitationem Product                             -63839.36
720         Provident Product                                  -115959.10
1015        Repudiandae Product                                -41153.35
1261        Occaecati Product                                  -87087.94
1052        Consequuntur Product                               -125139.40
365         Aspernatur Product                                 -229749.00
1201        Dolores Product                                    -51484.29
614         Tempore Product                                    -87150.20
1848        Voluptatibus Product                               -86894.82
1301        Accusantium Product                                -55060.50
514         Quos Product                                       -52605.20
912         Commodi Product                                    -103395.19
36          Eum Product                                        -29532.96
368         Quia Product                                       -13508.03
1530        Tempore Product                                    -70482.30
1387        Quia Product                                       -95948.37
889         Asperiores Product                                 -22620.60
1553        Quia Product                                       -56745.84
1742        Consectetur Product                                -47689.86
1224        Quibusdam Product                                  -97927.14
511         Assumenda Product                                  -162231.60
1367        Alias Product                                      -25176.49
703         Magni Product                                      -50741.47
1344        Distinctio Product                                 -1963.26
1908        Dignissimos Product                                -110598.12
13          Doloribus Product                                  -123368.70
136         Similique Product                                  -102757.15
1430        Iure Product                                       -191616.58
1928        Illum Product                                      -6108.88
989         Inventore Product                                  -32531.86
1075        Sint Product                                       -63267.75
1865        Porro Product                                      -30381.22
199         Laborum Product                                    -91915.89
1971        Cumque Product                                     -11330.40
740         Aperiam Product                                    -208760.72
640         Ipsum Product                                      -2055.04
1181        Quo Product                                        -1671.45
1722        Voluptatibus Product                               -156518.96
99          Fuga Product                                       -17622.64
1613        Quaerat Product                                    -73765.92
1281        Facilis Product                                    -35561.92
116         Ipsa Product                                       -167416.43
139         Nihil Product                                      -157033.28
803         Similique Product                                  -6703.39
1141        Nulla Product                                      -25044.36
162         Ea Product                                         -30418.62
826         Ea Product                                         -28423.26
1659        Placeat Product                                    -116146.88
308         Molestias Product                                  -92763.04
1636        Natus Product                                      -48028.75
1095        Quia Product                                       -222102.12
972         Consequuntur Product                               -99358.56
1951        Est Product                                        -23973.84
1264        Officiis Product                                   -133629.00
1596        Recusandae Product                                 -46174.32
1450        Aliquid Product                                    -4909.96
1699        Amet Product                                       -9543.52
809         At Product                                         -28723.63
471         Quod Product                                       -42877.68
1012        Consectetur Product                                -1649.20
663         Quia Product                                       -276910.60
1158        In Product                                         -116576.64
1991        Eligendi Product                                   -128595.60
1745        Itaque Product                                     -55609.80
909         Aspernatur Product                                 -7772.82
222         Voluptatem Product                                 -293801.90
517         Possimus Product                                   -89255.25
763         Nemo Product                                       -52573.17
1198        Placeat Product                                    -31422.60
1221        Cum Product                                        -63464.64
1719        Reiciendis Product                                 -182966.00
59          Pariatur Product                                   -165580.80
557         Magni Product                                      -33867.08
1078        Enim Product                                       -59876.70
1888        Veniam Product                                     -130795.60
892         Esse Product                                       -90223.36
843         Ut Product                                         -29070.48
1433        Facere Product                                     -7701.76
1556        Repudiandae Product                                -76573.08
1533        Accusamus Product                                  -64572.80
39          Tempora Product                                    -15010.52
33          Officiis Product                                   -55158.00
182         Id Product                                         -85027.32
16          Quod Product                                       -187110.72
680         Vel Product                                        -27284.40
159         Quibusdam Product                                  -50376.48
743         Illo Product                                       -1017.24
992         Tenetur Product                                    -51721.74
388         Soluta Product                                     -11295.68
1925        Fugiat Product                                     -44132.97
302         Voluptatibus Product                               -85308.43
929         Perspiciatis Product                               -60547.90
537         Aspernatur Product                                 -17351.76
1035        Hic Product                                        -111531.56
786         Veritatis Product                                  -85336.80
1284        Corrupti Product                                   -123488.16
1135        Temporibus Product                                 -48509.30
1427        Non Product                                        -43953.63
886         Qui Product                                        -104400.14
1376        Non Product                                        -72763.95
1708        Doloribus Product                                  -33201.17
1399        Ipsam Product                                      -197030.13
1731        Alias Product                                      -169538.67
497         Sit Product                                        -141470.50
165         Eveniet Product                                    -38128.80
1877        Sunt Product                                       -4143.90
1539        Porro Product                                      -13420.40
188         Aliquam Product                                    -65802.72
1190        Voluptas Product                                   -35555.76
311         Fugiat Product                                     -51625.56
503         Eligendi Product                                   -109750.08
1167        Optio Product                                      -26289.16
234         Ex Product                                         -44697.00
357         Mollitia Product                                   -94157.85
1144        Occaecati Product                                  -20062.08
480         Optio Product                                      -37828.70
1808        Deserunt Product                                   -35988.20
374         Voluptatibus Product                               -88918.86
706         Molestias Product                                  -48970.48
457         Quae Product                                       -11699.38
2000        Eius Product                                       -243566.46
19          Inventore Product                                  -90044.46
858         Iusto Product                                      -181791.72
520         Doloribus Product                                  -24666.46
1645        Mollitia Product                                   -122573.00
420         Neque Product                                      -56616.12
666         Repudiandae Product                                -14671.72
566         Dicta Product                                      -198485.10
812         Aut Product                                        -13328.16
795         Iusto Product                                      -22716.50
1791        Aliquid Product                                    -31172.12
961         Ipsa Product                                       -39340.20
1957        Minus Product                                      -126885.45
440         Aliquid Product                                    -139330.10
1934        Voluptatem Product                                 -50304.24
228         Consequatur Product                                -85644.30
560         Explicabo Product                                  -44966.07
1101        Rem Product                                        -6290.90
626         Quas Product                                       -13795.87
483         Consequuntur Product                               -83682.00
1316        Delectus Product                                   -83211.93
62          Quo Product                                        -59175.75
726         Nemo Product                                       -92218.00
1857        Explicabo Product                                  -77083.20
603         Aliquam Product                                    -24759.09
291         Quam Product                                       -96264.00
1038        Aliquid Product                                    -50416.86
42          Autem Product                                      -114900.50
1665        Eius Product                                       -218329.16
254         Libero Product                                     -90631.20
5           Illo Product                                       -51117.17
732         Aspernatur Product                                 -8788.52
1479        Illo Product                                       -137481.96
248         Consequuntur Product                               -22830.48
1330        Ullam Product                                      -7692.53
1081        Dignissimos Product                                -117303.25
1771        Nam Product                                        -27306.04
1230        Inventore Product                                  -154581.00
148         Fuga Product                                       -118860.75
546         Saepe Product                                      -38652.60
1874        Suscipit Product                                   -18810.24
1897        Officiis Product                                   -46049.64
1233        Cumque Product                                     -106211.33
1496        Voluptatum Product                                 -109230.62
523         Temporibus Product                                 -46073.88
1187        Fugiat Product                                     -103199.36
1519        Cumque Product                                     -212641.60
855         Aliquid Product                                    -43710.80
377         Laudantium Product                                 -107578.68
1024        Itaque Product                                     -41301.00
1018        Quidem Product                                     -26792.00
331         Quam Product                                       -76658.92
623         Architecto Product                                 -187877.82
955         Provident Product                                  -4422.90
563         Nemo Product                                       -84184.74
231         Placeat Product                                    -53857.20
1250        Cum Product                                        -28574.04
1001        Necessitatibus Product                             -106577.24
1396        Dolorum Product                                    -115480.32
1605        Doloremque Product                                 -97145.86
709         Ex Product                                         -104713.44
128         Similique Product                                  -9296.37
1456        Velit Product                                      -137228.84
815         Ipsum Product                                      -75413.36
1502        Quisquam Product                                   -103917.12
772         Debitis Product                                    -9793.30
274         Hic Product                                        -125677.12
1270        Quisquam Product                                   -22814.73
108         Quisquam Product                                   -130714.32
1768        Unde Product                                       -33105.30
915         Quod Product                                       -150020.01
1247        Ipsa Product                                       -19788.32
1788        Repellendus Product                                -124448.80
649         Nemo Product                                       -46771.55
749         Ratione Product                                    -87329.79
88          Id Product                                         -3323.10
1439        Nam Product                                        -54832.64
1980        Officia Product                                    -21773.43
208         Qui Product                                        -54339.00
1774        Occaecati Product                                  -87549.36
729         Temporibus Product                                 -52208.19
1333        Soluta Product                                     -13230.18
1582        Quibusdam Product                                  -115752.96
792         Inventore Product                                  -101028.45
543         Labore Product                                     -84517.20
45          Nisi Product                                       -153443.07
294         Consectetur Product                                -154090.08
643         Est Product                                        -30201.92
1184        Nostrum Product                                    -801.80
1917        Corrupti Product                                   -19310.76
2           Atque Product                                      -77.04
394         Beatae Product                                     -106546.05
935         Doloribus Product                                  -80379.52
1476        Illo Product                                       -251101.50
48          Aliquam Product                                    -215175.10
403         Quaerat Product                                    -27993.90
1614        Accusantium Product                                -113006.75
71          Qui Product                                        -51303.00
1946        Quidem Product                                     -53745.71
1422        Perspiciatis Product                               -223153.00
1259        Delectus Product                                   -236674.98
595         Perspiciatis Product                               -14931.80
94          Earum Product                                      -43020.12
927         Amet Product                                       -15549.52
240         Libero Product                                     -94108.76
449         Explicabo Product                                  -201627.24
1900        Magnam Product                                     -29378.18
1445        Excepturi Product                                  -60588.00
1113        Delectus Product                                   -276164.24
117         Ex Product                                         -16937.34
572         Eum Product                                        -129355.45
549         Alias Product                                      -54029.00
1468        Ducimus Product                                    -93652.58
1760        Doloribus Product                                  -67669.35
921         Officiis Product                                   -202781.00
257         Quam Product                                       -70877.45
718         Deserunt Product                                   -300624.66
967         Doloribus Product                                  -18797.73
1299        Fugit Product                                      -103470.25
1737        Nostrum Product                                    -156624.65
612         Quasi Product                                      -1427.58
363         Esse Product                                       -108239.04
1654        Eaque Product                                      -147857.08
466         Numquam Product                                    -91695.60
1800        Nesciunt Product                                   -256010.88
1551        Placeat Product                                    -113982.00
1153        Modi Product                                       -22572.99
297         Fugiat Product                                     -27958.32
509         Ab Product                                         -148280.54
1173        Nesciunt Product                                   -283062.36
1508        Id Product                                         -42975.84
1150        Autem Product                                      -1907.88
154         Mollitia Product                                   -54721.80
1883        Iusto Product                                      -11116.35
675         Id Product                                         -47042.84
652         Quae Product                                       -32258.10
1906        Eveniet Product                                    -44264.60
1193        Harum Product                                      -7427.00
1714        Sint Product                                       -34115.70
1963        Repellendus Product                                -86546.24
54          Expedita Product                                   -26528.06
1465        Enim Product                                       -15570.47
91          Sapiente Product                                   -63255.40
340         Odio Product                                       -209343.78
1322        Fuga Product                                       -168378.35
695         Voluptates Product                                 -51700.41
1030        Eum Product                                        -108974.60
589         Dolorum Product                                    -39883.66
1920        Fuga Product                                       -148065.84
838         Adipisci Product                                   -28186.40
197         Dolores Product                                    -35087.68
738         Veniam Product                                     -44845.20
1279        Earum Product                                      -87220.80
214         Sint Product                                       -11467.20
569         Aspernatur Product                                 -19982.40
1780        Inventore Product                                  -31193.03
237         Nisi Product                                       -102923.86
970         Magnam Product                                     -25220.26
360         Sapiente Product                                   -41917.40
924         Explicabo Product                                  -89838.81
429         Dolorem Product                                    -122015.23
260         Porro Product                                      -75437.25
1093        Unde Product                                       -96831.79
1070        Tempore Product                                    -8733.90
1734        Aliquam Product                                    -63872.40
469         Corporis Product                                   -244902.39
1797        Impedit Product                                    -34879.03
1548        Quam Product                                       -26851.40
114         Eligendi Product                                   -82967.30
1110        Libero Product                                     -3654.72
907         Placeat Product                                    -23205.68
1594        Fugiat Product                                     -4216.68
423         Architecto Product                                 -7388.64
1740        Ullam Product                                      -116529.75
68          Fugiat Product                                     -45006.90
1053        Sapiente Product                                   -170782.26
28          Repellendus Product                                -217182.90
1694        Illo Product                                       -125561.83
1651        Atque Product                                      -146969.68
323         Rerum Product                                      -148495.13
1843        Quo Product                                        -109182.48
761         Sed Product                                        -10719.42
174         Fuga Product                                       -227441.92
1697        Quisquam Product                                   -5052.08
1943        Debitis Product                                    -114160.80
615         Ipsam Product                                      -39999.68
1402        Facilis Product                                    -89165.56
861         Eaque Product                                      -101260.50
1462        Cumque Product                                     -62359.20
1219        Doloremque Product                                 -195714.22
698         Optio Product                                      -72364.14
1196        Ex Product                                         -134893.08
1319        Laudantium Product                                 -64789.68
1362        Cum Product                                        -40179.70
506         Veritatis Product                                  -158232.48
1511        Autem Product                                      -39880.05
1133        Facere Product                                     -36034.71
137         Quae Product                                       -89015.20
386         Saepe Product                                      -198984.27
884         Similique Product                                  -96461.64
778         Deserunt Product                                   -189842.46
1239        At Product                                         -109220.96
1027        Quam Product                                       -40369.40
151         Doloribus Product                                  -48752.47
1823        Excepturi Product                                  -2040.96
692         Non Product                                        -22827.20
200         Explicabo Product                                  -3594.31
592         Aperiam Product                                    -166171.50
1674        Quas Product                                       -38178.84
343         Explicabo Product                                  -39784.86
443         Accusantium Product                                -42073.44
1305        Nesciunt Product                                   -140997.96
309         Excepturi Product                                  -96950.49
1637        Delectus Product                                   -82466.27
950         Cupiditate Product                                 -146663.37
1852        Sequi Product                                      -156787.50
263         Assumenda Product                                  -207839.81
478         Praesentium Product                                -28957.60
1491        Sequi Product                                      -43792.80
163         Ex Product                                         -166799.25
1829        Necessitatibus Product                             -144128.00
1165        Saepe Product                                      -105344.01
873         Excepturi Product                                  -84713.28
1119        Dicta Product                                      -224382.21
1537        Saepe Product                                      -156172.19
1660        Optio Product                                      -33358.50
455         Unde Product                                       -113197.26
1311        Quis Product                                       -47555.10
1892        Quam Product                                       -119246.47
1560        Id Product                                         -38520.36
409         Alias Product                                      -93585.69
956         Dolore Product                                     -189378.30
624         Esse Product                                       -30881.48
1345        Inventore Product                                  -5945.41
1013        Ut Product                                         -5600.44
1059        Esse Product                                       -40389.75
472         Est Product                                        -8762.16
810         Atque Product                                      -57398.58
372         Accusantium Product                                -99601.92
1159        Ex Product                                         -15104.04
269         Sit Product                                        -89969.27
1746        Facilis Product                                    -95925.90
1992        Maiores Product                                    -142405.44
1451        Laudantium Product                                 -70523.76
1205        Aspernatur Product                                 -62301.36
1056        Sed Product                                        -98705.25
724         Excepturi Product                                  -22911.02
415         Numquam Product                                    -88362.54
1079        Alias Product                                      -20540.75
83          Illum Product                                      -930.81
1789        Sed Product                                        -33151.36
867         Minima Product                                     -5208.30
1248        Nemo Product                                       -99829.62
203         Quisquam Product                                   -115735.68
1557        Temporibus Product                                 -50917.12
34          Itaque Product                                     -20482.12
40          Impedit Product                                    -19162.24
1975        Odio Product                                       -102098.14
1726        Accusamus Product                                  -184963.20
1122        Quia Product                                       -39412.32
681         Cum Product                                        -28785.90
744         Voluptatem Product                                 -175789.24
638         Quis Product                                       -40280.25
389         Dicta Product                                      -899.93
644         Praesentium Product                                -28481.67
395         Necessitatibus Product                             -102368.50
538         Eaque Product                                      -93716.82
1036        Aliquid Product                                    -153716.64
495         Minus Product                                      -105711.45
346         Nemo Product                                       -278082.75
97          Eum Product                                        -26803.40
936         Quisquam Product                                   -50469.16
787         Iure Product                                       -41449.44
1139        Ex Product                                         -44377.00
807         Id Product                                         -8443.50
120         Id Product                                         -16770.60
1116        Tempore Product                                    -30580.75
784         Consequuntur Product                               -76286.14
1517        Officiis Product                                   -59485.13
166         Eveniet Product                                    -112301.52
1826        Accusantium Product                                -167557.17
312         Voluptatum Product                                 -46615.50
1640        Explicabo Product                                  -40032.72
329         Assumenda Product                                  -65525.04
1394        Quia Product                                       -151893.28
1786        Quas Product                                       -202362.90
20          Id Product                                         -45112.20
767         Velit Product                                      -15218.80
1348        Fugiat Product                                     -29487.75
1262        Nostrum Product                                    -23025.82
412         Ipsum Product                                      -495.18
1408        Accusamus Product                                  -135473.80
953         Sequi Product                                      -451.80
707         Aut Product                                        -278300.73
1949        Culpa Product                                      -181303.65
561         Qui Product                                        -31346.40
661         Ratione Product                                    -51028.32
1202        Adipisci Product                                   -57570.75
1995        Autem Product                                      -11449.46
515         Reprehenderit Product                              -97287.20
1600        Eius Product                                       -5323.78
1388        Odit Product                                       -57060.50
890         Temporibus Product                                 -190994.37
1554        Incidunt Product                                   -179383.68
249         Corporis Product                                   -54886.23
535         Aperiam Product                                    -31827.17
721         Nihil Product                                      -106726.76
206         Magni Product                                      -73632.78
1368        Totam Product                                      -6417.36
704         Aperiam Product                                    -108288.00
870         Veritatis Product                                  -1145.54
14          Nihil Product                                      -15318.27
847         A Product                                          -9728.40
243         Est Product                                        -37215.64
1288        Dicta Product                                      -182721.96
349         Officia Product                                    -6700.35
684         Voluptas Product                                   -163969.25
1431        Numquam Product                                    -8180.26
435         Dolorem Product                                    -143919.36
1680        Eius Product                                       -187922.50
1723        Velit Product                                      -77075.31
1225        Officiis Product                                   -17958.72
1972        Deleniti Product                                   -33205.20
1872        Facilis Product                                    -28469.22
1182        Ipsam Product                                      -188047.75
1033        Labore Product                                     -88872.04
1082        Odio Product                                       -19913.19
492         Itaque Product                                     -227856.20

(937 rows affected)


Completion time: 2025-06-20T22:51:33.4469566+05:30
